<?xml version="1.0" encoding="UTF-8"?>
<testng-results ignored="0" total="0" passed="0" failed="0" skipped="0">
  <reporter-output>
  </reporter-output>
  <suite started-at="2019-09-06T08:49:06 EDT" name="org.Amazon.TestAutomationSuite.Web.AppTest" finished-at="2019-09-06T08:49:06 EDT" duration-ms="16">
    <groups>
    </groups>
    <test started-at="2019-09-06T08:49:06 EDT" name="Command line test" finished-at="2019-09-06T08:49:06 EDT" duration-ms="16">
    </test> <!-- Command line test -->
  </suite> <!-- org.Amazon.TestAutomationSuite.Web.AppTest -->
</testng-results>
