<?xml version="1.0" encoding="UTF-8"?>
<testng-results skipped="0" failed="0" total="1" passed="1">
  <reporter-output>
  </reporter-output>
  <suite name="Suite" duration-ms="50" started-at="2019-10-15T02:18:47Z" finished-at="2019-10-15T02:18:47Z">
    <groups>
    </groups>
    <test name="Test" duration-ms="50" started-at="2019-10-15T02:18:47Z" finished-at="2019-10-15T02:18:47Z">
      <class name="org.amazon.testautomationsuite.web.smoke.RegisterUserTest">
        <test-method status="PASS" signature="automationTestScript()[pri:0, instance:org.amazon.testautomationsuite.web.smoke.RegisterUserTest@66480dd7]" name="automationTestScript" duration-ms="23" started-at="2019-10-14T22:18:47Z" finished-at="2019-10-14T22:18:47Z">
          <reporter-output>
          </reporter-output>
        </test-method> <!-- automationTestScript -->
      </class> <!-- org.amazon.testautomationsuite.web.smoke.RegisterUserTest -->
    </test> <!-- Test -->
  </suite> <!-- Suite -->
</testng-results>
